{
  "/Users/melissabykersma/Desktop/coderacademy/MERN-Part-B/client/src/components/dropdown/Dropdown.js": {
    "path": "/Users/melissabykersma/Desktop/coderacademy/MERN-Part-B/client/src/components/dropdown/Dropdown.js",
    "statementMap": {},
    "fnMap": {},
    "branchMap": {},
    "s": {},
    "f": {},
    "b": {},
    "_coverageSchema": "1a1c01bbd47fc00a2c39e90264f33305004495a9",
    "hash": "32a58ef0fa1e6ba244d5d86b9a03432f856526d8"
  },
  "/Users/melissabykersma/Desktop/coderacademy/MERN-Part-B/client/src/components/reviews/ReviewCard.js": {
    "path": "/Users/melissabykersma/Desktop/coderacademy/MERN-Part-B/client/src/components/reviews/ReviewCard.js",
    "statementMap": {
      "0": {
        "start": {
          "line": 9,
          "column": 8
        },
        "end": {
          "line": 29,
          "column": 10
        }
      }
    },
    "fnMap": {
      "0": {
        "name": "(anonymous_0)",
        "decl": {
          "start": {
            "line": 8,
            "column": 4
          },
          "end": {
            "line": 8,
            "column": 5
          }
        },
        "loc": {
          "start": {
            "line": 8,
            "column": 13
          },
          "end": {
            "line": 30,
            "column": 5
          }
        },
        "line": 8
      }
    },
    "branchMap": {},
    "s": {
      "0": 80
    },
    "f": {
      "0": 80
    },
    "b": {},
    "_coverageSchema": "1a1c01bbd47fc00a2c39e90264f33305004495a9",
    "hash": "8904a20437adb4f55da141242198c24d42693684"
  },
  "/Users/melissabykersma/Desktop/coderacademy/MERN-Part-B/client/src/test-db.js": {
    "path": "/Users/melissabykersma/Desktop/coderacademy/MERN-Part-B/client/src/test-db.js",
    "statementMap": {
      "0": {
        "start": {
          "line": 1,
          "column": 26
        },
        "end": {
          "line": 62,
          "column": 1
        }
      }
    },
    "fnMap": {},
    "branchMap": {},
    "s": {
      "0": 19
    },
    "f": {},
    "b": {},
    "_coverageSchema": "1a1c01bbd47fc00a2c39e90264f33305004495a9",
    "hash": "7d3ab4af3899eaf962ddc61e01d2c493e8eb0bad"
  },
  "/Users/melissabykersma/Desktop/coderacademy/MERN-Part-B/client/src/components/reviews/CardIndex.js": {
    "path": "/Users/melissabykersma/Desktop/coderacademy/MERN-Part-B/client/src/components/reviews/CardIndex.js",
    "statementMap": {
      "0": {
        "start": {
          "line": 9,
          "column": 4
        },
        "end": {
          "line": 11,
          "column": 6
        }
      },
      "1": {
        "start": {
          "line": 16,
          "column": 8
        },
        "end": {
          "line": 16,
          "column": 26
        }
      },
      "2": {
        "start": {
          "line": 19,
          "column": 17
        },
        "end": {
          "line": 34,
          "column": 5
        }
      },
      "3": {
        "start": {
          "line": 20,
          "column": 8
        },
        "end": {
          "line": 33,
          "column": 9
        }
      },
      "4": {
        "start": {
          "line": 21,
          "column": 27
        },
        "end": {
          "line": 21,
          "column": 86
        }
      },
      "5": {
        "start": {
          "line": 23,
          "column": 31
        },
        "end": {
          "line": 23,
          "column": 44
        }
      },
      "6": {
        "start": {
          "line": 25,
          "column": 34
        },
        "end": {
          "line": 25,
          "column": 85
        }
      },
      "7": {
        "start": {
          "line": 25,
          "column": 61
        },
        "end": {
          "line": 25,
          "column": 84
        }
      },
      "8": {
        "start": {
          "line": 26,
          "column": 12
        },
        "end": {
          "line": 26,
          "column": 40
        }
      },
      "9": {
        "start": {
          "line": 28,
          "column": 32
        },
        "end": {
          "line": 28,
          "column": 59
        }
      },
      "10": {
        "start": {
          "line": 30,
          "column": 12
        },
        "end": {
          "line": 30,
          "column": 41
        }
      },
      "11": {
        "start": {
          "line": 32,
          "column": 12
        },
        "end": {
          "line": 32,
          "column": 29
        }
      },
      "12": {
        "start": {
          "line": 36,
          "column": 17
        },
        "end": {
          "line": 38,
          "column": 5
        }
      },
      "13": {
        "start": {
          "line": 37,
          "column": 8
        },
        "end": {
          "line": 37,
          "column": 70
        }
      },
      "14": {
        "start": {
          "line": 40,
          "column": 18
        },
        "end": {
          "line": 50,
          "column": 5
        }
      },
      "15": {
        "start": {
          "line": 41,
          "column": 26
        },
        "end": {
          "line": 41,
          "column": 70
        }
      },
      "16": {
        "start": {
          "line": 42,
          "column": 8
        },
        "end": {
          "line": 49,
          "column": 11
        }
      },
      "17": {
        "start": {
          "line": 43,
          "column": 12
        },
        "end": {
          "line": 48,
          "column": 14
        }
      },
      "18": {
        "start": {
          "line": 53,
          "column": 8
        },
        "end": {
          "line": 62,
          "column": 10
        }
      },
      "19": {
        "start": {
          "line": 58,
          "column": 16
        },
        "end": {
          "line": 58,
          "column": 34
        }
      }
    },
    "fnMap": {
      "0": {
        "name": "mapStateToProps",
        "decl": {
          "start": {
            "line": 8,
            "column": 9
          },
          "end": {
            "line": 8,
            "column": 24
          }
        },
        "loc": {
          "start": {
            "line": 8,
            "column": 32
          },
          "end": {
            "line": 12,
            "column": 1
          }
        },
        "line": 8
      },
      "1": {
        "name": "(anonymous_1)",
        "decl": {
          "start": {
            "line": 15,
            "column": 4
          },
          "end": {
            "line": 15,
            "column": 5
          }
        },
        "loc": {
          "start": {
            "line": 15,
            "column": 24
          },
          "end": {
            "line": 17,
            "column": 5
          }
        },
        "line": 15
      },
      "2": {
        "name": "(anonymous_2)",
        "decl": {
          "start": {
            "line": 19,
            "column": 17
          },
          "end": {
            "line": 19,
            "column": 18
          }
        },
        "loc": {
          "start": {
            "line": 19,
            "column": 29
          },
          "end": {
            "line": 34,
            "column": 5
          }
        },
        "line": 19
      },
      "3": {
        "name": "(anonymous_3)",
        "decl": {
          "start": {
            "line": 25,
            "column": 52
          },
          "end": {
            "line": 25,
            "column": 53
          }
        },
        "loc": {
          "start": {
            "line": 25,
            "column": 61
          },
          "end": {
            "line": 25,
            "column": 84
          }
        },
        "line": 25
      },
      "4": {
        "name": "(anonymous_4)",
        "decl": {
          "start": {
            "line": 36,
            "column": 17
          },
          "end": {
            "line": 36,
            "column": 18
          }
        },
        "loc": {
          "start": {
            "line": 36,
            "column": 22
          },
          "end": {
            "line": 38,
            "column": 5
          }
        },
        "line": 36
      },
      "5": {
        "name": "(anonymous_5)",
        "decl": {
          "start": {
            "line": 40,
            "column": 18
          },
          "end": {
            "line": 40,
            "column": 19
          }
        },
        "loc": {
          "start": {
            "line": 40,
            "column": 32
          },
          "end": {
            "line": 50,
            "column": 5
          }
        },
        "line": 40
      },
      "6": {
        "name": "(anonymous_6)",
        "decl": {
          "start": {
            "line": 42,
            "column": 30
          },
          "end": {
            "line": 42,
            "column": 31
          }
        },
        "loc": {
          "start": {
            "line": 42,
            "column": 44
          },
          "end": {
            "line": 49,
            "column": 9
          }
        },
        "line": 42
      },
      "7": {
        "name": "(anonymous_7)",
        "decl": {
          "start": {
            "line": 52,
            "column": 4
          },
          "end": {
            "line": 52,
            "column": 5
          }
        },
        "loc": {
          "start": {
            "line": 52,
            "column": 13
          },
          "end": {
            "line": 63,
            "column": 5
          }
        },
        "line": 52
      },
      "8": {
        "name": "(anonymous_8)",
        "decl": {
          "start": {
            "line": 57,
            "column": 56
          },
          "end": {
            "line": 57,
            "column": 57
          }
        },
        "loc": {
          "start": {
            "line": 57,
            "column": 70
          },
          "end": {
            "line": 59,
            "column": 15
          }
        },
        "line": 57
      }
    },
    "branchMap": {},
    "s": {
      "0": 51,
      "1": 17,
      "2": 17,
      "3": 17,
      "4": 17,
      "5": 16,
      "6": 16,
      "7": 368,
      "8": 16,
      "9": 16,
      "10": 16,
      "11": 0,
      "12": 17,
      "13": 16,
      "14": 17,
      "15": 33,
      "16": 33,
      "17": 80,
      "18": 33,
      "19": 80
    },
    "f": {
      "0": 51,
      "1": 17,
      "2": 17,
      "3": 368,
      "4": 16,
      "5": 33,
      "6": 80,
      "7": 33,
      "8": 80
    },
    "b": {},
    "_coverageSchema": "1a1c01bbd47fc00a2c39e90264f33305004495a9",
    "hash": "9d0534b89198a76ed457f4664ce9381c1c16d849"
  },
  "/Users/melissabykersma/Desktop/coderacademy/MERN-Part-B/client/src/components/hero/Hero.js": {
    "path": "/Users/melissabykersma/Desktop/coderacademy/MERN-Part-B/client/src/components/hero/Hero.js",
    "statementMap": {
      "0": {
        "start": {
          "line": 5,
          "column": 13
        },
        "end": {
          "line": 17,
          "column": 1
        }
      },
      "1": {
        "start": {
          "line": 6,
          "column": 1
        },
        "end": {
          "line": 16,
          "column": 2
        }
      }
    },
    "fnMap": {
      "0": {
        "name": "(anonymous_0)",
        "decl": {
          "start": {
            "line": 5,
            "column": 13
          },
          "end": {
            "line": 5,
            "column": 14
          }
        },
        "loc": {
          "start": {
            "line": 5,
            "column": 19
          },
          "end": {
            "line": 17,
            "column": 1
          }
        },
        "line": 5
      }
    },
    "branchMap": {},
    "s": {
      "0": 19,
      "1": 33
    },
    "f": {
      "0": 33
    },
    "b": {},
    "_coverageSchema": "1a1c01bbd47fc00a2c39e90264f33305004495a9",
    "hash": "b4a8f3bc891caede3109626a7420fc8154e0a375"
  },
  "/Users/melissabykersma/Desktop/coderacademy/MERN-Part-B/client/src/components/about/About.js": {
    "path": "/Users/melissabykersma/Desktop/coderacademy/MERN-Part-B/client/src/components/about/About.js",
    "statementMap": {
      "0": {
        "start": {
          "line": 4,
          "column": 14
        },
        "end": {
          "line": 18,
          "column": 1
        }
      },
      "1": {
        "start": {
          "line": 5,
          "column": 1
        },
        "end": {
          "line": 17,
          "column": 2
        }
      }
    },
    "fnMap": {
      "0": {
        "name": "(anonymous_0)",
        "decl": {
          "start": {
            "line": 4,
            "column": 14
          },
          "end": {
            "line": 4,
            "column": 15
          }
        },
        "loc": {
          "start": {
            "line": 4,
            "column": 20
          },
          "end": {
            "line": 18,
            "column": 1
          }
        },
        "line": 4
      }
    },
    "branchMap": {},
    "s": {
      "0": 19,
      "1": 33
    },
    "f": {
      "0": 33
    },
    "b": {},
    "_coverageSchema": "1a1c01bbd47fc00a2c39e90264f33305004495a9",
    "hash": "bc3ddf3cbd2c10865802a55ce79e86e41ec61301"
  },
  "/Users/melissabykersma/Desktop/coderacademy/MERN-Part-B/client/src/components/footer/Footer.js": {
    "path": "/Users/melissabykersma/Desktop/coderacademy/MERN-Part-B/client/src/components/footer/Footer.js",
    "statementMap": {
      "0": {
        "start": {
          "line": 6,
          "column": 15
        },
        "end": {
          "line": 18,
          "column": 1
        }
      },
      "1": {
        "start": {
          "line": 7,
          "column": 1
        },
        "end": {
          "line": 17,
          "column": 2
        }
      }
    },
    "fnMap": {
      "0": {
        "name": "(anonymous_0)",
        "decl": {
          "start": {
            "line": 6,
            "column": 15
          },
          "end": {
            "line": 6,
            "column": 16
          }
        },
        "loc": {
          "start": {
            "line": 6,
            "column": 21
          },
          "end": {
            "line": 18,
            "column": 1
          }
        },
        "line": 6
      }
    },
    "branchMap": {},
    "s": {
      "0": 19,
      "1": 33
    },
    "f": {
      "0": 33
    },
    "b": {},
    "_coverageSchema": "1a1c01bbd47fc00a2c39e90264f33305004495a9",
    "hash": "0a805d94a2cf2a8c5e1c520e21a14e615b95c9f0"
  },
  "/Users/melissabykersma/Desktop/coderacademy/MERN-Part-B/client/src/productsList.js": {
    "path": "/Users/melissabykersma/Desktop/coderacademy/MERN-Part-B/client/src/productsList.js",
    "statementMap": {
      "0": {
        "start": {
          "line": 1,
          "column": 21
        },
        "end": {
          "line": 120,
          "column": 1
        }
      }
    },
    "fnMap": {},
    "branchMap": {},
    "s": {
      "0": 19
    },
    "f": {},
    "b": {},
    "_coverageSchema": "1a1c01bbd47fc00a2c39e90264f33305004495a9",
    "hash": "20b063ecc3610505620a25ab25a32096a32f025e"
  },
  "/Users/melissabykersma/Desktop/coderacademy/MERN-Part-B/client/src/components/productCardsIndex/productCardsIndex.js": {
    "path": "/Users/melissabykersma/Desktop/coderacademy/MERN-Part-B/client/src/components/productCardsIndex/productCardsIndex.js",
    "statementMap": {
      "0": {
        "start": {
          "line": 7,
          "column": 2
        },
        "end": {
          "line": 13,
          "column": 4
        }
      },
      "1": {
        "start": {
          "line": 15,
          "column": 14
        },
        "end": {
          "line": 18,
          "column": 1
        }
      },
      "2": {
        "start": {
          "line": 20,
          "column": 16
        },
        "end": {
          "line": 28,
          "column": 1
        }
      },
      "3": {
        "start": {
          "line": 35,
          "column": 4
        },
        "end": {
          "line": 35,
          "column": 30
        }
      },
      "4": {
        "start": {
          "line": 36,
          "column": 4
        },
        "end": {
          "line": 42,
          "column": 7
        }
      },
      "5": {
        "start": {
          "line": 37,
          "column": 6
        },
        "end": {
          "line": 41,
          "column": 7
        }
      },
      "6": {
        "start": {
          "line": 38,
          "column": 8
        },
        "end": {
          "line": 38,
          "column": 20
        }
      },
      "7": {
        "start": {
          "line": 40,
          "column": 8
        },
        "end": {
          "line": 40,
          "column": 23
        }
      },
      "8": {
        "start": {
          "line": 44,
          "column": 4
        },
        "end": {
          "line": 44,
          "column": 35
        }
      },
      "9": {
        "start": {
          "line": 47,
          "column": 21
        },
        "end": {
          "line": 70,
          "column": 3
        }
      },
      "10": {
        "start": {
          "line": 48,
          "column": 4
        },
        "end": {
          "line": 48,
          "column": 25
        }
      },
      "11": {
        "start": {
          "line": 49,
          "column": 24
        },
        "end": {
          "line": 54,
          "column": 5
        }
      },
      "12": {
        "start": {
          "line": 56,
          "column": 4
        },
        "end": {
          "line": 59,
          "column": 7
        }
      },
      "13": {
        "start": {
          "line": 61,
          "column": 4
        },
        "end": {
          "line": 64,
          "column": 7
        }
      },
      "14": {
        "start": {
          "line": 66,
          "column": 4
        },
        "end": {
          "line": 69,
          "column": 7
        }
      },
      "15": {
        "start": {
          "line": 71,
          "column": 12
        },
        "end": {
          "line": 73,
          "column": 3
        }
      },
      "16": {
        "start": {
          "line": 72,
          "column": 4
        },
        "end": {
          "line": 72,
          "column": 49
        }
      },
      "17": {
        "start": {
          "line": 72,
          "column": 28
        },
        "end": {
          "line": 72,
          "column": 47
        }
      },
      "18": {
        "start": {
          "line": 76,
          "column": 4
        },
        "end": {
          "line": 76,
          "column": 28
        }
      },
      "19": {
        "start": {
          "line": 78,
          "column": 4
        },
        "end": {
          "line": 78,
          "column": 28
        }
      },
      "20": {
        "start": {
          "line": 80,
          "column": 4
        },
        "end": {
          "line": 80,
          "column": 47
        }
      },
      "21": {
        "start": {
          "line": 81,
          "column": 4
        },
        "end": {
          "line": 81,
          "column": 32
        }
      },
      "22": {
        "start": {
          "line": 86,
          "column": 4
        },
        "end": {
          "line": 97,
          "column": 6
        }
      },
      "23": {
        "start": {
          "line": 87,
          "column": 6
        },
        "end": {
          "line": 96,
          "column": 9
        }
      },
      "24": {
        "start": {
          "line": 88,
          "column": 8
        },
        "end": {
          "line": 95,
          "column": 13
        }
      },
      "25": {
        "start": {
          "line": 91,
          "column": 26
        },
        "end": {
          "line": 91,
          "column": 57
        }
      },
      "26": {
        "start": {
          "line": 99,
          "column": 4
        },
        "end": {
          "line": 103,
          "column": 6
        }
      }
    },
    "fnMap": {
      "0": {
        "name": "mapStateToProps",
        "decl": {
          "start": {
            "line": 6,
            "column": 9
          },
          "end": {
            "line": 6,
            "column": 24
          }
        },
        "loc": {
          "start": {
            "line": 6,
            "column": 32
          },
          "end": {
            "line": 14,
            "column": 1
          }
        },
        "line": 6
      },
      "1": {
        "name": "(anonymous_1)",
        "decl": {
          "start": {
            "line": 31,
            "column": 2
          },
          "end": {
            "line": 31,
            "column": 3
          }
        },
        "loc": {
          "start": {
            "line": 31,
            "column": 21
          },
          "end": {
            "line": 45,
            "column": 3
          }
        },
        "line": 31
      },
      "2": {
        "name": "(anonymous_2)",
        "decl": {
          "start": {
            "line": 36,
            "column": 25
          },
          "end": {
            "line": 36,
            "column": 26
          }
        },
        "loc": {
          "start": {
            "line": 36,
            "column": 30
          },
          "end": {
            "line": 42,
            "column": 5
          }
        },
        "line": 36
      },
      "3": {
        "name": "(anonymous_3)",
        "decl": {
          "start": {
            "line": 47,
            "column": 21
          },
          "end": {
            "line": 47,
            "column": 22
          }
        },
        "loc": {
          "start": {
            "line": 47,
            "column": 32
          },
          "end": {
            "line": 70,
            "column": 3
          }
        },
        "line": 47
      },
      "4": {
        "name": "(anonymous_4)",
        "decl": {
          "start": {
            "line": 71,
            "column": 12
          },
          "end": {
            "line": 71,
            "column": 13
          }
        },
        "loc": {
          "start": {
            "line": 71,
            "column": 21
          },
          "end": {
            "line": 73,
            "column": 3
          }
        },
        "line": 71
      },
      "5": {
        "name": "(anonymous_5)",
        "decl": {
          "start": {
            "line": 72,
            "column": 22
          },
          "end": {
            "line": 72,
            "column": 23
          }
        },
        "loc": {
          "start": {
            "line": 72,
            "column": 28
          },
          "end": {
            "line": 72,
            "column": 47
          }
        },
        "line": 72
      },
      "6": {
        "name": "(anonymous_6)",
        "decl": {
          "start": {
            "line": 75,
            "column": 2
          },
          "end": {
            "line": 75,
            "column": 3
          }
        },
        "loc": {
          "start": {
            "line": 75,
            "column": 11
          },
          "end": {
            "line": 104,
            "column": 3
          }
        },
        "line": 75
      },
      "7": {
        "name": "(anonymous_7)",
        "decl": {
          "start": {
            "line": 86,
            "column": 23
          },
          "end": {
            "line": 86,
            "column": 24
          }
        },
        "loc": {
          "start": {
            "line": 86,
            "column": 31
          },
          "end": {
            "line": 97,
            "column": 5
          }
        },
        "line": 86
      },
      "8": {
        "name": "(anonymous_8)",
        "decl": {
          "start": {
            "line": 87,
            "column": 22
          },
          "end": {
            "line": 87,
            "column": 23
          }
        },
        "loc": {
          "start": {
            "line": 88,
            "column": 8
          },
          "end": {
            "line": 95,
            "column": 13
          }
        },
        "line": 88
      },
      "9": {
        "name": "(anonymous_9)",
        "decl": {
          "start": {
            "line": 91,
            "column": 21
          },
          "end": {
            "line": 91,
            "column": 22
          }
        },
        "loc": {
          "start": {
            "line": 91,
            "column": 26
          },
          "end": {
            "line": 91,
            "column": 57
          }
        },
        "line": 91
      }
    },
    "branchMap": {
      "0": {
        "loc": {
          "start": {
            "line": 37,
            "column": 6
          },
          "end": {
            "line": 41,
            "column": 7
          }
        },
        "type": "if",
        "locations": [
          {
            "start": {
              "line": 37,
              "column": 6
            },
            "end": {
              "line": 41,
              "column": 7
            }
          },
          {
            "start": {
              "line": 37,
              "column": 6
            },
            "end": {
              "line": 41,
              "column": 7
            }
          }
        ],
        "line": 37
      }
    },
    "s": {
      "0": 51,
      "1": 19,
      "2": 19,
      "3": 0,
      "4": 0,
      "5": 0,
      "6": 0,
      "7": 0,
      "8": 0,
      "9": 17,
      "10": 0,
      "11": 0,
      "12": 0,
      "13": 0,
      "14": 0,
      "15": 17,
      "16": 17,
      "17": 317,
      "18": 17,
      "19": 17,
      "20": 17,
      "21": 17,
      "22": 17,
      "23": 17,
      "24": 153,
      "25": 0,
      "26": 17
    },
    "f": {
      "0": 51,
      "1": 0,
      "2": 0,
      "3": 0,
      "4": 17,
      "5": 317,
      "6": 17,
      "7": 17,
      "8": 153,
      "9": 0
    },
    "b": {
      "0": [
        0,
        0
      ]
    },
    "_coverageSchema": "1a1c01bbd47fc00a2c39e90264f33305004495a9",
    "hash": "9f4d9a21daa70303fe4ead35ba0e4515d2b05205"
  },
  "/Users/melissabykersma/Desktop/coderacademy/MERN-Part-B/client/src/pages/Home.js": {
    "path": "/Users/melissabykersma/Desktop/coderacademy/MERN-Part-B/client/src/pages/Home.js",
    "statementMap": {
      "0": {
        "start": {
          "line": 13,
          "column": 8
        },
        "end": {
          "line": 21,
          "column": 10
        }
      }
    },
    "fnMap": {
      "0": {
        "name": "(anonymous_0)",
        "decl": {
          "start": {
            "line": 12,
            "column": 4
          },
          "end": {
            "line": 12,
            "column": 5
          }
        },
        "loc": {
          "start": {
            "line": 12,
            "column": 13
          },
          "end": {
            "line": 22,
            "column": 5
          }
        },
        "line": 12
      }
    },
    "branchMap": {},
    "s": {
      "0": 33
    },
    "f": {
      "0": 33
    },
    "b": {},
    "_coverageSchema": "1a1c01bbd47fc00a2c39e90264f33305004495a9",
    "hash": "893b298ef6eda0c0f5c2d11996b2552289b29113"
  },
  "/Users/melissabykersma/Desktop/coderacademy/MERN-Part-B/client/src/utils/localStorage.js": {
    "path": "/Users/melissabykersma/Desktop/coderacademy/MERN-Part-B/client/src/utils/localStorage.js",
    "statementMap": {
      "0": {
        "start": {
          "line": 1,
          "column": 36
        },
        "end": {
          "line": 3,
          "column": 1
        }
      },
      "1": {
        "start": {
          "line": 2,
          "column": 4
        },
        "end": {
          "line": 2,
          "column": 48
        }
      },
      "2": {
        "start": {
          "line": 5,
          "column": 36
        },
        "end": {
          "line": 7,
          "column": 1
        }
      },
      "3": {
        "start": {
          "line": 6,
          "column": 4
        },
        "end": {
          "line": 6,
          "column": 48
        }
      }
    },
    "fnMap": {
      "0": {
        "name": "(anonymous_0)",
        "decl": {
          "start": {
            "line": 1,
            "column": 36
          },
          "end": {
            "line": 1,
            "column": 37
          }
        },
        "loc": {
          "start": {
            "line": 1,
            "column": 47
          },
          "end": {
            "line": 3,
            "column": 1
          }
        },
        "line": 1
      },
      "1": {
        "name": "(anonymous_1)",
        "decl": {
          "start": {
            "line": 5,
            "column": 36
          },
          "end": {
            "line": 5,
            "column": 37
          }
        },
        "loc": {
          "start": {
            "line": 5,
            "column": 42
          },
          "end": {
            "line": 7,
            "column": 1
          }
        },
        "line": 5
      }
    },
    "branchMap": {},
    "s": {
      "0": 19,
      "1": 6,
      "2": 19,
      "3": 10
    },
    "f": {
      "0": 6,
      "1": 10
    },
    "b": {},
    "_coverageSchema": "1a1c01bbd47fc00a2c39e90264f33305004495a9",
    "hash": "0b78d925b974ca3bcf4c0e714a01967aecde9808"
  },
  "/Users/melissabykersma/Desktop/coderacademy/MERN-Part-B/client/src/components/orderSummary/OrderSummaryCard.jsx": {
    "path": "/Users/melissabykersma/Desktop/coderacademy/MERN-Part-B/client/src/components/orderSummary/OrderSummaryCard.jsx",
    "statementMap": {
      "0": {
        "start": {
          "line": 5,
          "column": 8
        },
        "end": {
          "line": 11,
          "column": 9
        }
      }
    },
    "fnMap": {
      "0": {
        "name": "(anonymous_0)",
        "decl": {
          "start": {
            "line": 4,
            "column": 4
          },
          "end": {
            "line": 4,
            "column": 5
          }
        },
        "loc": {
          "start": {
            "line": 4,
            "column": 13
          },
          "end": {
            "line": 12,
            "column": 5
          }
        },
        "line": 4
      }
    },
    "branchMap": {},
    "s": {
      "0": 6
    },
    "f": {
      "0": 6
    },
    "b": {},
    "_coverageSchema": "1a1c01bbd47fc00a2c39e90264f33305004495a9",
    "hash": "9fdec8f7d1900178142df629bc75a5260de1e20d"
  },
  "/Users/melissabykersma/Desktop/coderacademy/MERN-Part-B/client/src/components/cart/Item.js": {
    "path": "/Users/melissabykersma/Desktop/coderacademy/MERN-Part-B/client/src/components/cart/Item.js",
    "statementMap": {
      "0": {
        "start": {
          "line": 9,
          "column": 4
        },
        "end": {
          "line": 16,
          "column": 6
        }
      },
      "1": {
        "start": {
          "line": 20,
          "column": 28
        },
        "end": {
          "line": 22,
          "column": 5
        }
      },
      "2": {
        "start": {
          "line": 21,
          "column": 8
        },
        "end": {
          "line": 21,
          "column": 46
        }
      },
      "3": {
        "start": {
          "line": 24,
          "column": 31
        },
        "end": {
          "line": 30,
          "column": 5
        }
      },
      "4": {
        "start": {
          "line": 25,
          "column": 8
        },
        "end": {
          "line": 29,
          "column": 9
        }
      },
      "5": {
        "start": {
          "line": 26,
          "column": 12
        },
        "end": {
          "line": 26,
          "column": 45
        }
      },
      "6": {
        "start": {
          "line": 28,
          "column": 12
        },
        "end": {
          "line": 28,
          "column": 40
        }
      },
      "7": {
        "start": {
          "line": 32,
          "column": 28
        },
        "end": {
          "line": 50,
          "column": 5
        }
      },
      "8": {
        "start": {
          "line": 33,
          "column": 8
        },
        "end": {
          "line": 49,
          "column": 9
        }
      },
      "9": {
        "start": {
          "line": 35,
          "column": 26
        },
        "end": {
          "line": 35,
          "column": 48
        }
      },
      "10": {
        "start": {
          "line": 36,
          "column": 12
        },
        "end": {
          "line": 45,
          "column": 14
        }
      },
      "11": {
        "start": {
          "line": 48,
          "column": 12
        },
        "end": {
          "line": 48,
          "column": 36
        }
      },
      "12": {
        "start": {
          "line": 53,
          "column": 32
        },
        "end": {
          "line": 53,
          "column": 42
        }
      },
      "13": {
        "start": {
          "line": 54,
          "column": 54
        },
        "end": {
          "line": 54,
          "column": 78
        }
      },
      "14": {
        "start": {
          "line": 55,
          "column": 8
        },
        "end": {
          "line": 55,
          "column": 31
        }
      },
      "15": {
        "start": {
          "line": 56,
          "column": 8
        },
        "end": {
          "line": 72,
          "column": 9
        }
      },
      "16": {
        "start": {
          "line": 76,
          "column": 27
        },
        "end": {
          "line": 80,
          "column": 1
        }
      },
      "17": {
        "start": {
          "line": 77,
          "column": 1
        },
        "end": {
          "line": 79,
          "column": 2
        }
      },
      "18": {
        "start": {
          "line": 78,
          "column": 27
        },
        "end": {
          "line": 78,
          "column": 79
        }
      }
    },
    "fnMap": {
      "0": {
        "name": "mapStateToProps",
        "decl": {
          "start": {
            "line": 8,
            "column": 9
          },
          "end": {
            "line": 8,
            "column": 24
          }
        },
        "loc": {
          "start": {
            "line": 8,
            "column": 32
          },
          "end": {
            "line": 17,
            "column": 1
          }
        },
        "line": 8
      },
      "1": {
        "name": "(anonymous_1)",
        "decl": {
          "start": {
            "line": 20,
            "column": 28
          },
          "end": {
            "line": 20,
            "column": 29
          }
        },
        "loc": {
          "start": {
            "line": 20,
            "column": 34
          },
          "end": {
            "line": 22,
            "column": 5
          }
        },
        "line": 20
      },
      "2": {
        "name": "(anonymous_2)",
        "decl": {
          "start": {
            "line": 24,
            "column": 31
          },
          "end": {
            "line": 24,
            "column": 32
          }
        },
        "loc": {
          "start": {
            "line": 24,
            "column": 37
          },
          "end": {
            "line": 30,
            "column": 5
          }
        },
        "line": 24
      },
      "3": {
        "name": "(anonymous_3)",
        "decl": {
          "start": {
            "line": 32,
            "column": 28
          },
          "end": {
            "line": 32,
            "column": 29
          }
        },
        "loc": {
          "start": {
            "line": 32,
            "column": 40
          },
          "end": {
            "line": 50,
            "column": 5
          }
        },
        "line": 32
      },
      "4": {
        "name": "(anonymous_4)",
        "decl": {
          "start": {
            "line": 52,
            "column": 4
          },
          "end": {
            "line": 52,
            "column": 5
          }
        },
        "loc": {
          "start": {
            "line": 52,
            "column": 13
          },
          "end": {
            "line": 73,
            "column": 5
          }
        },
        "line": 52
      },
      "5": {
        "name": "(anonymous_5)",
        "decl": {
          "start": {
            "line": 76,
            "column": 27
          },
          "end": {
            "line": 76,
            "column": 28
          }
        },
        "loc": {
          "start": {
            "line": 76,
            "column": 39
          },
          "end": {
            "line": 80,
            "column": 1
          }
        },
        "line": 76
      },
      "6": {
        "name": "(anonymous_6)",
        "decl": {
          "start": {
            "line": 78,
            "column": 18
          },
          "end": {
            "line": 78,
            "column": 19
          }
        },
        "loc": {
          "start": {
            "line": 78,
            "column": 25
          },
          "end": {
            "line": 78,
            "column": 80
          }
        },
        "line": 78
      }
    },
    "branchMap": {
      "0": {
        "loc": {
          "start": {
            "line": 25,
            "column": 8
          },
          "end": {
            "line": 29,
            "column": 9
          }
        },
        "type": "if",
        "locations": [
          {
            "start": {
              "line": 25,
              "column": 8
            },
            "end": {
              "line": 29,
              "column": 9
            }
          },
          {
            "start": {
              "line": 25,
              "column": 8
            },
            "end": {
              "line": 29,
              "column": 9
            }
          }
        ],
        "line": 25
      }
    },
    "s": {
      "0": 15,
      "1": 4,
      "2": 1,
      "3": 4,
      "4": 1,
      "5": 1,
      "6": 0,
      "7": 4,
      "8": 0,
      "9": 0,
      "10": 0,
      "11": 0,
      "12": 4,
      "13": 4,
      "14": 4,
      "15": 4,
      "16": 19,
      "17": 4,
      "18": 1
    },
    "f": {
      "0": 15,
      "1": 1,
      "2": 1,
      "3": 0,
      "4": 4,
      "5": 4,
      "6": 1
    },
    "b": {
      "0": [
        1,
        0
      ]
    },
    "_coverageSchema": "1a1c01bbd47fc00a2c39e90264f33305004495a9",
    "hash": "0f6b4272cc180d4e39071ce97fa2d8cb66347dbc"
  },
  "/Users/melissabykersma/Desktop/coderacademy/MERN-Part-B/client/src/components/cart/Cart.js": {
    "path": "/Users/melissabykersma/Desktop/coderacademy/MERN-Part-B/client/src/components/cart/Cart.js",
    "statementMap": {
      "0": {
        "start": {
          "line": 10,
          "column": 8
        },
        "end": {
          "line": 10,
          "column": 37
        }
      },
      "1": {
        "start": {
          "line": 11,
          "column": 8
        },
        "end": {
          "line": 18,
          "column": 9
        }
      },
      "2": {
        "start": {
          "line": 12,
          "column": 12
        },
        "end": {
          "line": 13,
          "column": 91
        }
      },
      "3": {
        "start": {
          "line": 13,
          "column": 16
        },
        "end": {
          "line": 13,
          "column": 89
        }
      },
      "4": {
        "start": {
          "line": 15,
          "column": 12
        },
        "end": {
          "line": 17,
          "column": 13
        }
      },
      "5": {
        "start": {
          "line": 22,
          "column": 8
        },
        "end": {
          "line": 24,
          "column": 9
        }
      },
      "6": {
        "start": {
          "line": 23,
          "column": 12
        },
        "end": {
          "line": 23,
          "column": 117
        }
      },
      "7": {
        "start": {
          "line": 27,
          "column": 26
        },
        "end": {
          "line": 33,
          "column": 5
        }
      },
      "8": {
        "start": {
          "line": 28,
          "column": 8
        },
        "end": {
          "line": 32,
          "column": 9
        }
      },
      "9": {
        "start": {
          "line": 29,
          "column": 12
        },
        "end": {
          "line": 29,
          "column": 45
        }
      },
      "10": {
        "start": {
          "line": 31,
          "column": 12
        },
        "end": {
          "line": 31,
          "column": 48
        }
      },
      "11": {
        "start": {
          "line": 36,
          "column": 8
        },
        "end": {
          "line": 41,
          "column": 10
        }
      },
      "12": {
        "start": {
          "line": 45,
          "column": 24
        },
        "end": {
          "line": 49,
          "column": 1
        }
      },
      "13": {
        "start": {
          "line": 46,
          "column": 4
        },
        "end": {
          "line": 48,
          "column": 6
        }
      }
    },
    "fnMap": {
      "0": {
        "name": "(anonymous_0)",
        "decl": {
          "start": {
            "line": 9,
            "column": 4
          },
          "end": {
            "line": 9,
            "column": 5
          }
        },
        "loc": {
          "start": {
            "line": 9,
            "column": 18
          },
          "end": {
            "line": 19,
            "column": 5
          }
        },
        "line": 9
      },
      "1": {
        "name": "(anonymous_1)",
        "decl": {
          "start": {
            "line": 12,
            "column": 40
          },
          "end": {
            "line": 12,
            "column": 41
          }
        },
        "loc": {
          "start": {
            "line": 13,
            "column": 16
          },
          "end": {
            "line": 13,
            "column": 89
          }
        },
        "line": 13
      },
      "2": {
        "name": "(anonymous_2)",
        "decl": {
          "start": {
            "line": 21,
            "column": 4
          },
          "end": {
            "line": 21,
            "column": 5
          }
        },
        "loc": {
          "start": {
            "line": 21,
            "column": 27
          },
          "end": {
            "line": 25,
            "column": 5
          }
        },
        "line": 21
      },
      "3": {
        "name": "(anonymous_3)",
        "decl": {
          "start": {
            "line": 27,
            "column": 26
          },
          "end": {
            "line": 27,
            "column": 27
          }
        },
        "loc": {
          "start": {
            "line": 27,
            "column": 32
          },
          "end": {
            "line": 33,
            "column": 5
          }
        },
        "line": 27
      },
      "4": {
        "name": "(anonymous_4)",
        "decl": {
          "start": {
            "line": 35,
            "column": 4
          },
          "end": {
            "line": 35,
            "column": 5
          }
        },
        "loc": {
          "start": {
            "line": 35,
            "column": 13
          },
          "end": {
            "line": 42,
            "column": 5
          }
        },
        "line": 35
      },
      "5": {
        "name": "(anonymous_5)",
        "decl": {
          "start": {
            "line": 45,
            "column": 24
          },
          "end": {
            "line": 45,
            "column": 25
          }
        },
        "loc": {
          "start": {
            "line": 45,
            "column": 33
          },
          "end": {
            "line": 49,
            "column": 1
          }
        },
        "line": 45
      }
    },
    "branchMap": {
      "0": {
        "loc": {
          "start": {
            "line": 11,
            "column": 8
          },
          "end": {
            "line": 18,
            "column": 9
          }
        },
        "type": "if",
        "locations": [
          {
            "start": {
              "line": 11,
              "column": 8
            },
            "end": {
              "line": 18,
              "column": 9
            }
          },
          {
            "start": {
              "line": 11,
              "column": 8
            },
            "end": {
              "line": 18,
              "column": 9
            }
          }
        ],
        "line": 11
      },
      "1": {
        "loc": {
          "start": {
            "line": 22,
            "column": 8
          },
          "end": {
            "line": 24,
            "column": 9
          }
        },
        "type": "if",
        "locations": [
          {
            "start": {
              "line": 22,
              "column": 8
            },
            "end": {
              "line": 24,
              "column": 9
            }
          },
          {
            "start": {
              "line": 22,
              "column": 8
            },
            "end": {
              "line": 24,
              "column": 9
            }
          }
        ],
        "line": 22
      },
      "2": {
        "loc": {
          "start": {
            "line": 28,
            "column": 8
          },
          "end": {
            "line": 32,
            "column": 9
          }
        },
        "type": "if",
        "locations": [
          {
            "start": {
              "line": 28,
              "column": 8
            },
            "end": {
              "line": 32,
              "column": 9
            }
          },
          {
            "start": {
              "line": 28,
              "column": 8
            },
            "end": {
              "line": 32,
              "column": 9
            }
          }
        ],
        "line": 28
      }
    },
    "s": {
      "0": 7,
      "1": 7,
      "2": 6,
      "3": 6,
      "4": 1,
      "5": 7,
      "6": 6,
      "7": 4,
      "8": 1,
      "9": 0,
      "10": 1,
      "11": 7,
      "12": 19,
      "13": 16
    },
    "f": {
      "0": 7,
      "1": 6,
      "2": 7,
      "3": 1,
      "4": 7,
      "5": 16
    },
    "b": {
      "0": [
        6,
        1
      ],
      "1": [
        6,
        1
      ],
      "2": [
        0,
        1
      ]
    },
    "_coverageSchema": "1a1c01bbd47fc00a2c39e90264f33305004495a9",
    "hash": "361934c0618f7ead88251113f0a6b59653a2fb7b"
  },
  "/Users/melissabykersma/Desktop/coderacademy/MERN-Part-B/client/src/components/cart/CartIcon.js": {
    "path": "/Users/melissabykersma/Desktop/coderacademy/MERN-Part-B/client/src/components/cart/CartIcon.js",
    "statementMap": {
      "0": {
        "start": {
          "line": 20,
          "column": 4
        },
        "end": {
          "line": 20,
          "column": 17
        }
      },
      "1": {
        "start": {
          "line": 21,
          "column": 4
        },
        "end": {
          "line": 24,
          "column": 6
        }
      },
      "2": {
        "start": {
          "line": 28,
          "column": 6
        },
        "end": {
          "line": 28,
          "column": 35
        }
      },
      "3": {
        "start": {
          "line": 33,
          "column": 4
        },
        "end": {
          "line": 40,
          "column": 5
        }
      },
      "4": {
        "start": {
          "line": 34,
          "column": 6
        },
        "end": {
          "line": 34,
          "column": 18
        }
      },
      "5": {
        "start": {
          "line": 36,
          "column": 6
        },
        "end": {
          "line": 40,
          "column": 5
        }
      },
      "6": {
        "start": {
          "line": 44,
          "column": 8
        },
        "end": {
          "line": 65,
          "column": 10
        }
      },
      "7": {
        "start": {
          "line": 45,
          "column": 27
        },
        "end": {
          "line": 45,
          "column": 40
        }
      },
      "8": {
        "start": {
          "line": 47,
          "column": 70
        },
        "end": {
          "line": 47,
          "column": 105
        }
      },
      "9": {
        "start": {
          "line": 60,
          "column": 18
        },
        "end": {
          "line": 60,
          "column": 55
        }
      },
      "10": {
        "start": {
          "line": 69,
          "column": 24
        },
        "end": {
          "line": 73,
          "column": 1
        }
      },
      "11": {
        "start": {
          "line": 70,
          "column": 4
        },
        "end": {
          "line": 72,
          "column": 6
        }
      }
    },
    "fnMap": {
      "0": {
        "name": "(anonymous_0)",
        "decl": {
          "start": {
            "line": 19,
            "column": 1
          },
          "end": {
            "line": 19,
            "column": 2
          }
        },
        "loc": {
          "start": {
            "line": 19,
            "column": 20
          },
          "end": {
            "line": 25,
            "column": 3
          }
        },
        "line": 19
      },
      "1": {
        "name": "(anonymous_1)",
        "decl": {
          "start": {
            "line": 27,
            "column": 2
          },
          "end": {
            "line": 27,
            "column": 3
          }
        },
        "loc": {
          "start": {
            "line": 27,
            "column": 22
          },
          "end": {
            "line": 29,
            "column": 3
          }
        },
        "line": 27
      },
      "2": {
        "name": "(anonymous_2)",
        "decl": {
          "start": {
            "line": 32,
            "column": 2
          },
          "end": {
            "line": 32,
            "column": 3
          }
        },
        "loc": {
          "start": {
            "line": 32,
            "column": 23
          },
          "end": {
            "line": 41,
            "column": 3
          }
        },
        "line": 32
      },
      "3": {
        "name": "(anonymous_3)",
        "decl": {
          "start": {
            "line": 43,
            "column": 4
          },
          "end": {
            "line": 43,
            "column": 5
          }
        },
        "loc": {
          "start": {
            "line": 43,
            "column": 13
          },
          "end": {
            "line": 66,
            "column": 5
          }
        },
        "line": 43
      },
      "4": {
        "name": "(anonymous_4)",
        "decl": {
          "start": {
            "line": 45,
            "column": 20
          },
          "end": {
            "line": 45,
            "column": 21
          }
        },
        "loc": {
          "start": {
            "line": 45,
            "column": 27
          },
          "end": {
            "line": 45,
            "column": 40
          }
        },
        "line": 45
      },
      "5": {
        "name": "(anonymous_5)",
        "decl": {
          "start": {
            "line": 47,
            "column": 64
          },
          "end": {
            "line": 47,
            "column": 65
          }
        },
        "loc": {
          "start": {
            "line": 47,
            "column": 70
          },
          "end": {
            "line": 47,
            "column": 105
          }
        },
        "line": 47
      },
      "6": {
        "name": "(anonymous_6)",
        "decl": {
          "start": {
            "line": 58,
            "column": 31
          },
          "end": {
            "line": 58,
            "column": 32
          }
        },
        "loc": {
          "start": {
            "line": 58,
            "column": 37
          },
          "end": {
            "line": 61,
            "column": 15
          }
        },
        "line": 58
      },
      "7": {
        "name": "(anonymous_7)",
        "decl": {
          "start": {
            "line": 69,
            "column": 24
          },
          "end": {
            "line": 69,
            "column": 25
          }
        },
        "loc": {
          "start": {
            "line": 69,
            "column": 33
          },
          "end": {
            "line": 73,
            "column": 1
          }
        },
        "line": 69
      }
    },
    "branchMap": {
      "0": {
        "loc": {
          "start": {
            "line": 33,
            "column": 4
          },
          "end": {
            "line": 40,
            "column": 5
          }
        },
        "type": "if",
        "locations": [
          {
            "start": {
              "line": 33,
              "column": 4
            },
            "end": {
              "line": 40,
              "column": 5
            }
          },
          {
            "start": {
              "line": 33,
              "column": 4
            },
            "end": {
              "line": 40,
              "column": 5
            }
          }
        ],
        "line": 33
      }
    },
    "s": {
      "0": 19,
      "1": 19,
      "2": 19,
      "3": 38,
      "4": 27,
      "5": 11,
      "6": 38,
      "7": 57,
      "8": 4,
      "9": 1,
      "10": 19,
      "11": 613
    },
    "f": {
      "0": 19,
      "1": 19,
      "2": 38,
      "3": 38,
      "4": 57,
      "5": 4,
      "6": 1,
      "7": 613
    },
    "b": {
      "0": [
        27,
        11
      ]
    },
    "_coverageSchema": "1a1c01bbd47fc00a2c39e90264f33305004495a9",
    "hash": "33f445606eebd044c1af7f9e1d58d6a24a34ac95"
  },
  "/Users/melissabykersma/Desktop/coderacademy/MERN-Part-B/client/src/components/navbar/Navbar.js": {
    "path": "/Users/melissabykersma/Desktop/coderacademy/MERN-Part-B/client/src/components/navbar/Navbar.js",
    "statementMap": {
      "0": {
        "start": {
          "line": 9,
          "column": 10
        },
        "end": {
          "line": 12,
          "column": 2
        }
      },
      "1": {
        "start": {
          "line": 10,
          "column": 2
        },
        "end": {
          "line": 10,
          "column": 42
        }
      },
      "2": {
        "start": {
          "line": 11,
          "column": 2
        },
        "end": {
          "line": 11,
          "column": 29
        }
      },
      "3": {
        "start": {
          "line": 15,
          "column": 21
        },
        "end": {
          "line": 15,
          "column": 31
        }
      },
      "4": {
        "start": {
          "line": 16,
          "column": 2
        },
        "end": {
          "line": 91,
          "column": 3
        }
      },
      "5": {
        "start": {
          "line": 22,
          "column": 48
        },
        "end": {
          "line": 22,
          "column": 91
        }
      },
      "6": {
        "start": {
          "line": 28,
          "column": 35
        },
        "end": {
          "line": 28,
          "column": 48
        }
      }
    },
    "fnMap": {
      "0": {
        "name": "(anonymous_0)",
        "decl": {
          "start": {
            "line": 9,
            "column": 10
          },
          "end": {
            "line": 9,
            "column": 11
          }
        },
        "loc": {
          "start": {
            "line": 9,
            "column": 16
          },
          "end": {
            "line": 12,
            "column": 2
          }
        },
        "line": 9
      },
      "1": {
        "name": "(anonymous_1)",
        "decl": {
          "start": {
            "line": 14,
            "column": 1
          },
          "end": {
            "line": 14,
            "column": 2
          }
        },
        "loc": {
          "start": {
            "line": 14,
            "column": 10
          },
          "end": {
            "line": 92,
            "column": 2
          }
        },
        "line": 14
      },
      "2": {
        "name": "(anonymous_2)",
        "decl": {
          "start": {
            "line": 22,
            "column": 42
          },
          "end": {
            "line": 22,
            "column": 43
          }
        },
        "loc": {
          "start": {
            "line": 22,
            "column": 48
          },
          "end": {
            "line": 22,
            "column": 91
          }
        },
        "line": 22
      },
      "3": {
        "name": "(anonymous_3)",
        "decl": {
          "start": {
            "line": 28,
            "column": 29
          },
          "end": {
            "line": 28,
            "column": 30
          }
        },
        "loc": {
          "start": {
            "line": 28,
            "column": 35
          },
          "end": {
            "line": 28,
            "column": 48
          }
        },
        "line": 28
      }
    },
    "branchMap": {
      "0": {
        "loc": {
          "start": {
            "line": 22,
            "column": 48
          },
          "end": {
            "line": 22,
            "column": 91
          }
        },
        "type": "cond-expr",
        "locations": [
          {
            "start": {
              "line": 22,
              "column": 57
            },
            "end": {
              "line": 22,
              "column": 61
            }
          },
          {
            "start": {
              "line": 22,
              "column": 64
            },
            "end": {
              "line": 22,
              "column": 91
            }
          }
        ],
        "line": 22
      },
      "1": {
        "loc": {
          "start": {
            "line": 26,
            "column": 7
          },
          "end": {
            "line": 34,
            "column": 9
          }
        },
        "type": "cond-expr",
        "locations": [
          {
            "start": {
              "line": 27,
              "column": 6
            },
            "end": {
              "line": 30,
              "column": 9
            }
          },
          {
            "start": {
              "line": 31,
              "column": 6
            },
            "end": {
              "line": 34,
              "column": 9
            }
          }
        ],
        "line": 26
      }
    },
    "s": {
      "0": 19,
      "1": 1,
      "2": 1,
      "3": 59,
      "4": 59,
      "5": 17,
      "6": 1
    },
    "f": {
      "0": 1,
      "1": 59,
      "2": 17,
      "3": 1
    },
    "b": {
      "0": [
        0,
        17
      ],
      "1": [
        7,
        52
      ]
    },
    "_coverageSchema": "1a1c01bbd47fc00a2c39e90264f33305004495a9",
    "hash": "569629c93dbf9afd20332d48ba7f35e5cc300ad8"
  },
  "/Users/melissabykersma/Desktop/coderacademy/MERN-Part-B/client/src/validations.js": {
    "path": "/Users/melissabykersma/Desktop/coderacademy/MERN-Part-B/client/src/validations.js",
    "statementMap": {
      "0": {
        "start": {
          "line": 4,
          "column": 24
        },
        "end": {
          "line": 4,
          "column": 94
        }
      },
      "1": {
        "start": {
          "line": 4,
          "column": 34
        },
        "end": {
          "line": 4,
          "column": 93
        }
      },
      "2": {
        "start": {
          "line": 6,
          "column": 20
        },
        "end": {
          "line": 7,
          "column": 89
        }
      },
      "3": {
        "start": {
          "line": 6,
          "column": 36
        },
        "end": {
          "line": 7,
          "column": 89
        }
      },
      "4": {
        "start": {
          "line": 7,
          "column": 4
        },
        "end": {
          "line": 7,
          "column": 89
        }
      },
      "5": {
        "start": {
          "line": 9,
          "column": 34
        },
        "end": {
          "line": 9,
          "column": 48
        }
      },
      "6": {
        "start": {
          "line": 12,
          "column": 22
        },
        "end": {
          "line": 13,
          "column": 62
        }
      },
      "7": {
        "start": {
          "line": 13,
          "column": 0
        },
        "end": {
          "line": 13,
          "column": 62
        }
      },
      "8": {
        "start": {
          "line": 16,
          "column": 27
        },
        "end": {
          "line": 19,
          "column": 11
        }
      },
      "9": {
        "start": {
          "line": 17,
          "column": 0
        },
        "end": {
          "line": 19,
          "column": 11
        }
      },
      "10": {
        "start": {
          "line": 21,
          "column": 21
        },
        "end": {
          "line": 22,
          "column": 103
        }
      },
      "11": {
        "start": {
          "line": 22,
          "column": 0
        },
        "end": {
          "line": 22,
          "column": 103
        }
      },
      "12": {
        "start": {
          "line": 33,
          "column": 18
        },
        "end": {
          "line": 34,
          "column": 79
        }
      },
      "13": {
        "start": {
          "line": 33,
          "column": 25
        },
        "end": {
          "line": 34,
          "column": 79
        }
      },
      "14": {
        "start": {
          "line": 34,
          "column": 2
        },
        "end": {
          "line": 34,
          "column": 79
        }
      },
      "15": {
        "start": {
          "line": 36,
          "column": 33
        },
        "end": {
          "line": 36,
          "column": 45
        }
      },
      "16": {
        "start": {
          "line": 40,
          "column": 21
        },
        "end": {
          "line": 43,
          "column": 11
        }
      },
      "17": {
        "start": {
          "line": 41,
          "column": 0
        },
        "end": {
          "line": 43,
          "column": 11
        }
      }
    },
    "fnMap": {
      "0": {
        "name": "(anonymous_0)",
        "decl": {
          "start": {
            "line": 4,
            "column": 24
          },
          "end": {
            "line": 4,
            "column": 25
          }
        },
        "loc": {
          "start": {
            "line": 4,
            "column": 34
          },
          "end": {
            "line": 4,
            "column": 93
          }
        },
        "line": 4
      },
      "1": {
        "name": "(anonymous_1)",
        "decl": {
          "start": {
            "line": 6,
            "column": 20
          },
          "end": {
            "line": 6,
            "column": 21
          }
        },
        "loc": {
          "start": {
            "line": 6,
            "column": 36
          },
          "end": {
            "line": 7,
            "column": 89
          }
        },
        "line": 6
      },
      "2": {
        "name": "(anonymous_2)",
        "decl": {
          "start": {
            "line": 6,
            "column": 36
          },
          "end": {
            "line": 6,
            "column": 37
          }
        },
        "loc": {
          "start": {
            "line": 7,
            "column": 4
          },
          "end": {
            "line": 7,
            "column": 89
          }
        },
        "line": 7
      },
      "3": {
        "name": "(anonymous_3)",
        "decl": {
          "start": {
            "line": 12,
            "column": 22
          },
          "end": {
            "line": 12,
            "column": 23
          }
        },
        "loc": {
          "start": {
            "line": 13,
            "column": 0
          },
          "end": {
            "line": 13,
            "column": 62
          }
        },
        "line": 13
      },
      "4": {
        "name": "(anonymous_4)",
        "decl": {
          "start": {
            "line": 16,
            "column": 27
          },
          "end": {
            "line": 16,
            "column": 28
          }
        },
        "loc": {
          "start": {
            "line": 17,
            "column": 0
          },
          "end": {
            "line": 19,
            "column": 11
          }
        },
        "line": 17
      },
      "5": {
        "name": "(anonymous_5)",
        "decl": {
          "start": {
            "line": 21,
            "column": 21
          },
          "end": {
            "line": 21,
            "column": 22
          }
        },
        "loc": {
          "start": {
            "line": 22,
            "column": 0
          },
          "end": {
            "line": 22,
            "column": 103
          }
        },
        "line": 22
      },
      "6": {
        "name": "(anonymous_6)",
        "decl": {
          "start": {
            "line": 33,
            "column": 18
          },
          "end": {
            "line": 33,
            "column": 19
          }
        },
        "loc": {
          "start": {
            "line": 33,
            "column": 25
          },
          "end": {
            "line": 34,
            "column": 79
          }
        },
        "line": 33
      },
      "7": {
        "name": "(anonymous_7)",
        "decl": {
          "start": {
            "line": 33,
            "column": 25
          },
          "end": {
            "line": 33,
            "column": 26
          }
        },
        "loc": {
          "start": {
            "line": 34,
            "column": 2
          },
          "end": {
            "line": 34,
            "column": 79
          }
        },
        "line": 34
      },
      "8": {
        "name": "(anonymous_8)",
        "decl": {
          "start": {
            "line": 40,
            "column": 21
          },
          "end": {
            "line": 40,
            "column": 22
          }
        },
        "loc": {
          "start": {
            "line": 41,
            "column": 0
          },
          "end": {
            "line": 43,
            "column": 11
          }
        },
        "line": 41
      }
    },
    "branchMap": {
      "0": {
        "loc": {
          "start": {
            "line": 4,
            "column": 34
          },
          "end": {
            "line": 4,
            "column": 93
          }
        },
        "type": "cond-expr",
        "locations": [
          {
            "start": {
              "line": 4,
              "column": 71
            },
            "end": {
              "line": 4,
              "column": 80
            }
          },
          {
            "start": {
              "line": 4,
              "column": 83
            },
            "end": {
              "line": 4,
              "column": 93
            }
          }
        ],
        "line": 4
      },
      "1": {
        "loc": {
          "start": {
            "line": 4,
            "column": 34
          },
          "end": {
            "line": 4,
            "column": 68
          }
        },
        "type": "binary-expr",
        "locations": [
          {
            "start": {
              "line": 4,
              "column": 34
            },
            "end": {
              "line": 4,
              "column": 39
            }
          },
          {
            "start": {
              "line": 4,
              "column": 43
            },
            "end": {
              "line": 4,
              "column": 68
            }
          }
        ],
        "line": 4
      },
      "2": {
        "loc": {
          "start": {
            "line": 7,
            "column": 4
          },
          "end": {
            "line": 7,
            "column": 89
          }
        },
        "type": "cond-expr",
        "locations": [
          {
            "start": {
              "line": 7,
              "column": 45
            },
            "end": {
              "line": 7,
              "column": 54
            }
          },
          {
            "start": {
              "line": 7,
              "column": 57
            },
            "end": {
              "line": 7,
              "column": 89
            }
          }
        ],
        "line": 7
      },
      "3": {
        "loc": {
          "start": {
            "line": 7,
            "column": 4
          },
          "end": {
            "line": 7,
            "column": 42
          }
        },
        "type": "binary-expr",
        "locations": [
          {
            "start": {
              "line": 7,
              "column": 4
            },
            "end": {
              "line": 7,
              "column": 9
            }
          },
          {
            "start": {
              "line": 7,
              "column": 13
            },
            "end": {
              "line": 7,
              "column": 42
            }
          }
        ],
        "line": 7
      },
      "4": {
        "loc": {
          "start": {
            "line": 13,
            "column": 0
          },
          "end": {
            "line": 13,
            "column": 62
          }
        },
        "type": "cond-expr",
        "locations": [
          {
            "start": {
              "line": 13,
              "column": 32
            },
            "end": {
              "line": 13,
              "column": 50
            }
          },
          {
            "start": {
              "line": 13,
              "column": 53
            },
            "end": {
              "line": 13,
              "column": 62
            }
          }
        ],
        "line": 13
      },
      "5": {
        "loc": {
          "start": {
            "line": 13,
            "column": 0
          },
          "end": {
            "line": 13,
            "column": 29
          }
        },
        "type": "binary-expr",
        "locations": [
          {
            "start": {
              "line": 13,
              "column": 0
            },
            "end": {
              "line": 13,
              "column": 5
            }
          },
          {
            "start": {
              "line": 13,
              "column": 9
            },
            "end": {
              "line": 13,
              "column": 29
            }
          }
        ],
        "line": 13
      },
      "6": {
        "loc": {
          "start": {
            "line": 17,
            "column": 0
          },
          "end": {
            "line": 19,
            "column": 11
          }
        },
        "type": "cond-expr",
        "locations": [
          {
            "start": {
              "line": 18,
              "column": 2
            },
            "end": {
              "line": 18,
              "column": 43
            }
          },
          {
            "start": {
              "line": 19,
              "column": 2
            },
            "end": {
              "line": 19,
              "column": 11
            }
          }
        ],
        "line": 17
      },
      "7": {
        "loc": {
          "start": {
            "line": 17,
            "column": 0
          },
          "end": {
            "line": 17,
            "column": 132
          }
        },
        "type": "binary-expr",
        "locations": [
          {
            "start": {
              "line": 17,
              "column": 0
            },
            "end": {
              "line": 17,
              "column": 5
            }
          },
          {
            "start": {
              "line": 17,
              "column": 9
            },
            "end": {
              "line": 17,
              "column": 132
            }
          }
        ],
        "line": 17
      },
      "8": {
        "loc": {
          "start": {
            "line": 22,
            "column": 0
          },
          "end": {
            "line": 22,
            "column": 103
          }
        },
        "type": "cond-expr",
        "locations": [
          {
            "start": {
              "line": 22,
              "column": 68
            },
            "end": {
              "line": 22,
              "column": 91
            }
          },
          {
            "start": {
              "line": 22,
              "column": 94
            },
            "end": {
              "line": 22,
              "column": 103
            }
          }
        ],
        "line": 22
      },
      "9": {
        "loc": {
          "start": {
            "line": 22,
            "column": 0
          },
          "end": {
            "line": 22,
            "column": 65
          }
        },
        "type": "binary-expr",
        "locations": [
          {
            "start": {
              "line": 22,
              "column": 0
            },
            "end": {
              "line": 22,
              "column": 5
            }
          },
          {
            "start": {
              "line": 22,
              "column": 9
            },
            "end": {
              "line": 22,
              "column": 65
            }
          }
        ],
        "line": 22
      },
      "10": {
        "loc": {
          "start": {
            "line": 34,
            "column": 2
          },
          "end": {
            "line": 34,
            "column": 79
          }
        },
        "type": "cond-expr",
        "locations": [
          {
            "start": {
              "line": 34,
              "column": 32
            },
            "end": {
              "line": 34,
              "column": 67
            }
          },
          {
            "start": {
              "line": 34,
              "column": 70
            },
            "end": {
              "line": 34,
              "column": 79
            }
          }
        ],
        "line": 34
      },
      "11": {
        "loc": {
          "start": {
            "line": 34,
            "column": 2
          },
          "end": {
            "line": 34,
            "column": 29
          }
        },
        "type": "binary-expr",
        "locations": [
          {
            "start": {
              "line": 34,
              "column": 2
            },
            "end": {
              "line": 34,
              "column": 7
            }
          },
          {
            "start": {
              "line": 34,
              "column": 11
            },
            "end": {
              "line": 34,
              "column": 29
            }
          }
        ],
        "line": 34
      },
      "12": {
        "loc": {
          "start": {
            "line": 41,
            "column": 0
          },
          "end": {
            "line": 43,
            "column": 11
          }
        },
        "type": "cond-expr",
        "locations": [
          {
            "start": {
              "line": 42,
              "column": 2
            },
            "end": {
              "line": 42,
              "column": 32
            }
          },
          {
            "start": {
              "line": 43,
              "column": 2
            },
            "end": {
              "line": 43,
              "column": 11
            }
          }
        ],
        "line": 41
      },
      "13": {
        "loc": {
          "start": {
            "line": 41,
            "column": 0
          },
          "end": {
            "line": 41,
            "column": 37
          }
        },
        "type": "binary-expr",
        "locations": [
          {
            "start": {
              "line": 41,
              "column": 0
            },
            "end": {
              "line": 41,
              "column": 5
            }
          },
          {
            "start": {
              "line": 41,
              "column": 9
            },
            "end": {
              "line": 41,
              "column": 37
            }
          }
        ],
        "line": 41
      }
    },
    "s": {
      "0": 19,
      "1": 926,
      "2": 19,
      "3": 19,
      "4": 4,
      "5": 19,
      "6": 19,
      "7": 14,
      "8": 19,
      "9": 22,
      "10": 19,
      "11": 29,
      "12": 19,
      "13": 19,
      "14": 12,
      "15": 19,
      "16": 19,
      "17": 0
    },
    "f": {
      "0": 926,
      "1": 19,
      "2": 4,
      "3": 14,
      "4": 22,
      "5": 29,
      "6": 19,
      "7": 12,
      "8": 0
    },
    "b": {
      "0": [
        576,
        350
      ],
      "1": [
        926,
        350
      ],
      "2": [
        1,
        3
      ],
      "3": [
        4,
        4
      ],
      "4": [
        0,
        14
      ],
      "5": [
        14,
        14
      ],
      "6": [
        9,
        13
      ],
      "7": [
        22,
        22
      ],
      "8": [
        15,
        14
      ],
      "9": [
        29,
        29
      ],
      "10": [
        7,
        5
      ],
      "11": [
        12,
        12
      ],
      "12": [
        0,
        0
      ],
      "13": [
        0,
        0
      ]
    },
    "_coverageSchema": "1a1c01bbd47fc00a2c39e90264f33305004495a9",
    "hash": "afee7cc5dfe015dbb186d71b8679f394c467a0ca"
  },
  "/Users/melissabykersma/Desktop/coderacademy/MERN-Part-B/client/src/components/log-in/LoginForm.js": {
    "path": "/Users/melissabykersma/Desktop/coderacademy/MERN-Part-B/client/src/components/log-in/LoginForm.js",
    "statementMap": {
      "0": {
        "start": {
          "line": 6,
          "column": 24
        },
        "end": {
          "line": 16,
          "column": 1
        }
      },
      "1": {
        "start": {
          "line": 7,
          "column": 4
        },
        "end": {
          "line": 15,
          "column": 10
        }
      },
      "2": {
        "start": {
          "line": 20,
          "column": 55
        },
        "end": {
          "line": 20,
          "column": 65
        }
      },
      "3": {
        "start": {
          "line": 21,
          "column": 2
        },
        "end": {
          "line": 47,
          "column": 4
        }
      },
      "4": {
        "start": {
          "line": 51,
          "column": 0
        },
        "end": {
          "line": 51,
          "column": 52
        }
      }
    },
    "fnMap": {
      "0": {
        "name": "(anonymous_0)",
        "decl": {
          "start": {
            "line": 6,
            "column": 24
          },
          "end": {
            "line": 6,
            "column": 25
          }
        },
        "loc": {
          "start": {
            "line": 7,
            "column": 4
          },
          "end": {
            "line": 15,
            "column": 10
          }
        },
        "line": 7
      },
      "1": {
        "name": "(anonymous_1)",
        "decl": {
          "start": {
            "line": 19,
            "column": 1
          },
          "end": {
            "line": 19,
            "column": 2
          }
        },
        "loc": {
          "start": {
            "line": 19,
            "column": 10
          },
          "end": {
            "line": 48,
            "column": 2
          }
        },
        "line": 19
      }
    },
    "branchMap": {
      "0": {
        "loc": {
          "start": {
            "line": 13,
            "column": 13
          },
          "end": {
            "line": 13,
            "column": 96
          }
        },
        "type": "binary-expr",
        "locations": [
          {
            "start": {
              "line": 13,
              "column": 13
            },
            "end": {
              "line": 13,
              "column": 20
            }
          },
          {
            "start": {
              "line": 13,
              "column": 26
            },
            "end": {
              "line": 13,
              "column": 31
            }
          },
          {
            "start": {
              "line": 13,
              "column": 35
            },
            "end": {
              "line": 13,
              "column": 55
            }
          },
          {
            "start": {
              "line": 13,
              "column": 61
            },
            "end": {
              "line": 13,
              "column": 68
            }
          },
          {
            "start": {
[...]
        "start": {
          "line": 15,
          "column": 6
        },
        "end": {
          "line": 15,
          "column": 54
        }
      },
      "6": {
        "start": {
          "line": 16,
          "column": 6
        },
        "end": {
          "line": 16,
          "column": 12
        }
      },
      "7": {
        "start": {
          "line": 18,
          "column": 6
        },
        "end": {
          "line": 18,
          "column": 54
        }
      },
      "8": {
        "start": {
          "line": 19,
          "column": 6
        },
        "end": {
          "line": 19,
          "column": 12
        }
      },
      "9": {
        "start": {
          "line": 21,
          "column": 6
        },
        "end": {
          "line": 21,
          "column": 56
        }
      },
      "10": {
        "start": {
          "line": 22,
          "column": 6
        },
        "end": {
          "line": 22,
          "column": 12
        }
      },
      "11": {
        "start": {
          "line": 24,
          "column": 6
        },
        "end": {
          "line": 24,
          "column": 54
        }
      },
      "12": {
        "start": {
          "line": 25,
          "column": 6
        },
        "end": {
          "line": 25,
          "column": 12
        }
      },
      "13": {
        "start": {
          "line": 27,
          "column": 6
        },
        "end": {
          "line": 27,
          "column": 58
        }
      },
      "14": {
        "start": {
          "line": 28,
          "column": 6
        },
        "end": {
          "line": 28,
          "column": 12
        }
      },
      "15": {
        "start": {
          "line": 36,
          "column": 6
        },
        "end": {
          "line": 42,
          "column": 8
        }
      },
      "16": {
        "start": {
          "line": 44,
          "column": 6
        },
        "end": {
          "line": 44,
          "column": 12
        }
      },
      "17": {
        "start": {
          "line": 47,
          "column": 6
        },
        "end": {
          "line": 47,
          "column": 30
        }
      },
      "18": {
        "start": {
          "line": 50,
          "column": 2
        },
        "end": {
          "line": 50,
          "column": 18
        }
      }
    },
    "fnMap": {
      "0": {
        "name": "(anonymous_0)",
        "decl": {
          "start": {
            "line": 3,
            "column": 28
          },
          "end": {
            "line": 3,
            "column": 29
          }
        },
        "loc": {
          "start": {
            "line": 6,
            "column": 5
          },
          "end": {
            "line": 51,
            "column": 1
          }
        },
        "line": 6
      }
    },
    "branchMap": {
      "0": {
        "loc": {
          "start": {
            "line": 4,
            "column": 2
          },
          "end": {
            "line": 4,
            "column": 72
          }
        },
        "type": "default-arg",
        "locations": [
          {
            "start": {
              "line": 4,
              "column": 10
            },
            "end": {
              "line": 4,
              "column": 72
            }
          }
        ],
        "line": 4
      },
      "1": {
        "loc": {
          "start": {
            "line": 9,
            "column": 2
          },
          "end": {
            "line": 48,
            "column": 3
          }
        },
        "type": "switch",
        "locations": [
          {
            "start": {
              "line": 10,
              "column": 4
            },
            "end": {
              "line": 12,
              "column": 12
            }
          },
          {
            "start": {
              "line": 14,
              "column": 4
            },
            "end": {
              "line": 16,
              "column": 12
            }
          },
          {
            "start": {
              "line": 17,
              "column": 4
            },
            "end": {
              "line": 19,
              "column": 12
            }
          },
          {
            "start": {
              "line": 20,
              "column": 4
            },
            "end": {
              "line": 22,
              "column": 12
            }
          },
          {
            "start": {
              "line": 23,
              "column": 4
            },
            "end": {
              "line": 25,
              "column": 12
            }
          },
          {
            "start": {
              "line": 26,
              "column": 4
            },
            "end": {
              "line": 28,
              "column": 12
            }
          },
          {
            "start": {
              "line": 29,
              "column": 4
            },
            "end": {
              "line": 44,
              "column": 12
            }
          },
          {
            "start": {
              "line": 46,
              "column": 4
            },
            "end": {
              "line": 47,
              "column": 30
            }
          }
        ],
        "line": 9
      }
    },
    "s": {
      "0": 19,
      "1": 651,
      "2": 651,
      "3": 1,
      "4": 1,
      "5": 0,
      "6": 0,
      "7": 0,
      "8": 0,
      "9": 1,
      "10": 1,
      "11": 25,
      "12": 25,
      "13": 0,
      "14": 0,
      "15": 0,
      "16": 0,
      "17": 624,
      "18": 651
    },
    "f": {
      "0": 651
    },
    "b": {
      "0": [
        57
      ],
      "1": [
        1,
        0,
        0,
        1,
        25,
        0,
        0,
        624
      ]
    },
    "_coverageSchema": "1a1c01bbd47fc00a2c39e90264f33305004495a9",
    "hash": "101f9878de57e6f2a0c13d97ccf06ff07a240e1e"
  },
  "/Users/melissabykersma/Desktop/coderacademy/MERN-Part-B/client/src/reducers/reviewReducer.js": {
    "path": "/Users/melissabykersma/Desktop/coderacademy/MERN-Part-B/client/src/reducers/reviewReducer.js",
    "statementMap": {
      "0": {
        "start": {
          "line": 1,
          "column": 21
        },
        "end": {
          "line": 1,
          "column": 36
        }
      },
      "1": {
        "start": {
          "line": 3,
          "column": 22
        },
        "end": {
          "line": 15,
          "column": 1
        }
      },
      "2": {
        "start": {
          "line": 4,
          "column": 17
        },
        "end": {
          "line": 4,
          "column": 19
        }
      },
      "3": {
        "start": {
          "line": 6,
          "column": 2
        },
        "end": {
          "line": 13,
          "column": 3
        }
      },
      "4": {
        "start": {
          "line": 8,
          "column": 6
        },
        "end": {
          "line": 8,
          "column": 58
        }
      },
      "5": {
        "start": {
          "line": 9,
          "column": 6
        },
        "end": {
          "line": 9,
          "column": 12
        }
      },
      "6": {
        "start": {
          "line": 12,
          "column": 6
        },
        "end": {
          "line": 12,
          "column": 30
        }
      },
      "7": {
        "start": {
          "line": 14,
          "column": 2
        },
        "end": {
          "line": 14,
          "column": 18
        }
      }
    },
    "fnMap": {
      "0": {
        "name": "(anonymous_0)",
        "decl": {
          "start": {
            "line": 3,
            "column": 22
          },
          "end": {
            "line": 3,
            "column": 23
          }
        },
        "loc": {
          "start": {
            "line": 3,
            "column": 56
          },
          "end": {
            "line": 15,
            "column": 1
          }
        },
        "line": 3
      }
    },
    "branchMap": {
      "0": {
        "loc": {
          "start": {
            "line": 3,
            "column": 23
          },
          "end": {
            "line": 3,
            "column": 43
          }
        },
        "type": "default-arg",
        "locations": [
          {
            "start": {
              "line": 3,
              "column": 31
            },
            "end": {
              "line": 3,
              "column": 43
            }
          }
        ],
        "line": 3
      },
      "1": {
        "loc": {
          "start": {
            "line": 6,
            "column": 2
          },
          "end": {
            "line": 13,
            "column": 3
          }
        },
        "type": "switch",
        "locations": [
          {
            "start": {
              "line": 7,
              "column": 4
            },
            "end": {
              "line": 9,
              "column": 12
            }
          },
          {
            "start": {
              "line": 11,
              "column": 4
            },
            "end": {
              "line": 12,
              "column": 30
            }
          }
        ],
        "line": 6
      }
    },
    "s": {
      "0": 19,
      "1": 19,
      "2": 651,
      "3": 651,
      "4": 16,
      "5": 16,
      "6": 635,
      "7": 651
    },
    "f": {
      "0": 651
    },
    "b": {
      "0": [
        57
      ],
      "1": [
        16,
        635
      ]
    },
    "_coverageSchema": "1a1c01bbd47fc00a2c39e90264f33305004495a9",
    "hash": "2ace581a5d275960773fece0ca61b9714465307c"
  },
  "/Users/melissabykersma/Desktop/coderacademy/MERN-Part-B/client/src/reducers/cartReducer.js": {
    "path": "/Users/melissabykersma/Desktop/coderacademy/MERN-Part-B/client/src/reducers/cartReducer.js",
    "statementMap": {
      "0": {
        "start": {
          "line": 1,
          "column": 20
        },
        "end": {
          "line": 28,
          "column": 1
        }
      },
      "1": {
        "start": {
          "line": 2,
          "column": 17
        },
        "end": {
          "line": 2,
          "column": 19
        }
      },
      "2": {
        "start": {
          "line": 4,
          "column": 2
        },
        "end": {
          "line": 25,
          "column": 3
        }
      },
      "3": {
        "start": {
          "line": 7,
          "column": 22
        },
        "end": {
          "line": 9,
          "column": 7
        }
      },
      "4": {
        "start": {
          "line": 8,
          "column": 16
        },
        "end": {
          "line": 8,
          "column": 70
        }
      },
      "5": {
        "start": {
          "line": 11,
          "column": 6
        },
        "end": {
          "line": 11,
          "column": 46
        }
      },
      "6": {
        "start": {
          "line": 12,
          "column": 6
        },
        "end": {
          "line": 12,
          "column": 12
        }
      },
      "7": {
        "start": {
          "line": 14,
          "column": 23
        },
        "end": {
          "line": 19,
          "column": 7
        }
      },
      "8": {
        "start": {
          "line": 20,
          "column": 6
        },
        "end": {
          "line": 20,
          "column": 69
        }
      },
      "9": {
        "start": {
          "line": 21,
          "column": 6
        },
        "end": {
          "line": 21,
          "column": 12
        }
      },
      "10": {
        "start": {
          "line": 24,
          "column": 6
        },
        "end": {
          "line": 24,
          "column": 30
        }
      },
      "11": {
        "start": {
          "line": 27,
          "column": 2
        },
        "end": {
          "line": 27,
          "column": 18
        }
      }
    },
    "fnMap": {
      "0": {
        "name": "(anonymous_0)",
        "decl": {
          "start": {
            "line": 1,
            "column": 20
          },
          "end": {
            "line": 1,
            "column": 21
          }
        },
        "loc": {
          "start": {
            "line": 1,
            "column": 55
          },
          "end": {
            "line": 28,
            "column": 1
          }
        },
        "line": 1
      },
      "1": {
        "name": "(anonymous_1)",
        "decl": {
          "start": {
            "line": 8,
            "column": 8
          },
          "end": {
            "line": 8,
            "column": 9
          }
        },
        "loc": {
          "start": {
            "line": 8,
            "column": 16
          },
          "end": {
            "line": 8,
            "column": 70
          }
        },
        "line": 8
      }
    },
    "branchMap": {
      "0": {
        "loc": {
          "start": {
            "line": 1,
            "column": 21
          },
          "end": {
            "line": 1,
            "column": 42
          }
        },
        "type": "default-arg",
        "locations": [
          {
            "start": {
              "line": 1,
              "column": 29
            },
            "end": {
              "line": 1,
              "column": 42
            }
          }
        ],
        "line": 1
      },
      "1": {
        "loc": {
          "start": {
            "line": 4,
            "column": 2
          },
          "end": {
            "line": 25,
            "column": 3
          }
        },
        "type": "switch",
        "locations": [
          {
            "start": {
              "line": 5,
              "column": 4
            },
            "end": {
              "line": 12,
              "column": 12
            }
          },
          {
            "start": {
              "line": 13,
              "column": 4
            },
            "end": {
              "line": 21,
              "column": 12
            }
          },
          {
            "start": {
              "line": 23,
              "column": 4
            },
            "end": {
              "line": 24,
              "column": 30
            }
          }
        ],
        "line": 4
      }
    },
    "s": {
      "0": 19,
      "1": 651,
      "2": 651,
      "3": 1,
      "4": 1,
      "5": 1,
      "6": 1,
      "7": 6,
      "8": 6,
      "9": 6,
      "10": 644,
      "11": 651
    },
    "f": {
      "0": 651,
      "1": 1
    },
    "b": {
      "0": [
        57
      ],
      "1": [
        1,
        6,
        644
      ]
    },
    "_coverageSchema": "1a1c01bbd47fc00a2c39e90264f33305004495a9",
    "hash": "3ff9004d995f65cd1a38e97744c0fcd12b45432a"
  },
  "/Users/melissabykersma/Desktop/coderacademy/MERN-Part-B/client/src/reducers/orderReducer.js": {
    "path": "/Users/melissabykersma/Desktop/coderacademy/MERN-Part-B/client/src/reducers/orderReducer.js",
    "statementMap": {
      "0": {
        "start": {
          "line": 1,
          "column": 21
        },
        "end": {
          "line": 15,
          "column": 1
        }
      },
      "1": {
        "start": {
          "line": 2,
          "column": 17
        },
        "end": {
          "line": 2,
          "column": 19
        }
      },
      "2": {
        "start": {
          "line": 4,
          "column": 2
        },
        "end": {
          "line": 13,
          "column": 3
        }
      },
      "3": {
        "start": {
          "line": 6,
          "column": 6
        },
        "end": {
          "line": 6,
          "column": 52
        }
      },
      "4": {
        "start": {
          "line": 7,
          "column": 6
        },
        "end": {
          "line": 7,
          "column": 12
        }
      },
      "5": {
        "start": {
          "line": 9,
          "column": 6
        },
        "end": {
          "line": 9,
          "column": 52
        }
      },
      "6": {
        "start": {
          "line": 10,
          "column": 6
        },
        "end": {
          "line": 10,
          "column": 12
        }
      },
      "7": {
        "start": {
          "line": 12,
          "column": 6
        },
        "end": {
          "line": 12,
          "column": 30
        }
      },
      "8": {
        "start": {
          "line": 14,
          "column": 2
        },
        "end": {
          "line": 14,
          "column": 18
        }
      }
    },
    "fnMap": {
      "0": {
        "name": "(anonymous_0)",
        "decl": {
          "start": {
            "line": 1,
            "column": 21
          },
          "end": {
            "line": 1,
            "column": 22
          }
        },
        "loc": {
          "start": {
            "line": 1,
            "column": 79
          },
          "end": {
            "line": 15,
            "column": 1
          }
        },
        "line": 1
      }
    },
    "branchMap": {
      "0": {
        "loc": {
          "start": {
            "line": 1,
            "column": 22
          },
          "end": {
            "line": 1,
            "column": 66
          }
        },
        "type": "default-arg",
        "locations": [
          {
            "start": {
              "line": 1,
              "column": 30
            },
            "end": {
              "line": 1,
              "column": 66
            }
          }
        ],
        "line": 1
      },
      "1": {
        "loc": {
          "start": {
            "line": 4,
            "column": 2
          },
          "end": {
            "line": 13,
            "column": 3
          }
        },
        "type": "switch",
        "locations": [
          {
            "start": {
              "line": 5,
              "column": 4
            },
            "end": {
              "line": 7,
              "column": 12
            }
          },
          {
            "start": {
              "line": 8,
              "column": 4
            },
            "end": {
              "line": 10,
              "column": 12
            }
          },
          {
            "start": {
              "line": 11,
              "column": 4
            },
            "end": {
              "line": 12,
              "column": 30
            }
          }
        ],
        "line": 4
      }
    },
    "s": {
      "0": 19,
      "1": 651,
      "2": 651,
      "3": 0,
      "4": 0,
      "5": 0,
      "6": 0,
      "7": 651,
      "8": 651
    },
    "f": {
      "0": 651
    },
    "b": {
      "0": [
        57
      ],
      "1": [
        0,
        0,
        651
      ]
    },
    "_coverageSchema": "1a1c01bbd47fc00a2c39e90264f33305004495a9",
    "hash": "8aa791d3f0ef1bc36604dec0d4f756d176882461"
  },
  "/Users/melissabykersma/Desktop/coderacademy/MERN-Part-B/client/src/store.js": {
    "path": "/Users/melissabykersma/Desktop/coderacademy/MERN-Part-B/client/src/store.js",
    "statementMap": {
      "0": {
        "start": {
          "line": 9,
          "column": 20
        },
        "end": {
          "line": 16,
          "column": 2
        }
      },
      "1": {
        "start": {
          "line": 18,
          "column": 21
        },
        "end": {
          "line": 18,
          "column": 47
        }
      }
    },
    "fnMap": {},
    "branchMap": {},
    "s": {
      "0": 19,
      "1": 19
    },
    "f": {},
    "b": {},
    "_coverageSchema": "1a1c01bbd47fc00a2c39e90264f33305004495a9",
    "hash": "31fd428de8646e2790199533b03a5d449c684529"
  },
  "/Users/melissabykersma/Desktop/coderacademy/MERN-Part-B/client/src/index.js": {
    "path": "/Users/melissabykersma/Desktop/coderacademy/MERN-Part-B/client/src/index.js",
    "statementMap": {
      "0": {
        "start": {
          "line": 8,
          "column": 0
        },
        "end": {
          "line": 11,
          "column": 47
        }
      }
    },
    "fnMap": {},
    "branchMap": {},
    "s": {
      "0": 19
    },
    "f": {},
    "b": {},
    "_coverageSchema": "1a1c01bbd47fc00a2c39e90264f33305004495a9",
    "hash": "f949074f2ce144d5fc3984bbeccc6e586b2146aa"
  }
}